CRITICAL - 2025-11-03 12:26:25 --> CodeIgniter\HTTP\Exceptions\BadRequestException: The URI you submitted has disallowed characters: "Is the CIA Course Right for You Here’s What You Need to Know.png"
[Method: GET, Route: blog/upload/blog/Is%20the%20CIA%20Course%20Right%20for%20You%20Here%E2%80%99s%20What%20You%20Need%20to%20Know.png]
in SYSTEMPATH/Router/Router.php on line 736.
 1 SYSTEMPATH/Router/Router.php(203): CodeIgniter\Router\Router->checkDisallowedChars()
 2 SYSTEMPATH/CodeIgniter.php(834): CodeIgniter\Router\Router->handle()
 3 SYSTEMPATH/CodeIgniter.php(457): CodeIgniter\CodeIgniter->tryToRouteIt()
 4 SYSTEMPATH/CodeIgniter.php(355): CodeIgniter\CodeIgniter->handleRequest()
 5 SYSTEMPATH/Boot.php(312): CodeIgniter\CodeIgniter->run()
 6 SYSTEMPATH/Boot.php(67): CodeIgniter\Boot::runCodeIgniter()
 7 FCPATH/index.php(57): CodeIgniter\Boot::bootWeb()
CRITICAL - 2025-11-03 13:31:31 --> ParseError: syntax error, unexpected token "echo", expecting ";" or "{"
[Method: GET, Route: akpiscourse/cch]
in APPPATH/Controllers/Courses.php on line 32.
 1 SYSTEMPATH/Autoloader/Autoloader.php(296): CodeIgniter\Autoloader\Autoloader->includeFile()
 2 SYSTEMPATH/Autoloader/Autoloader.php(272): CodeIgniter\Autoloader\Autoloader->loadInNamespace()
 3 [internal function]: CodeIgniter\Autoloader\Autoloader->loadClass()
 4 SYSTEMPATH/CodeIgniter.php(887): class_exists()
 5 SYSTEMPATH/CodeIgniter.php(496): CodeIgniter\CodeIgniter->startController()
 6 SYSTEMPATH/CodeIgniter.php(355): CodeIgniter\CodeIgniter->handleRequest()
 7 SYSTEMPATH/Boot.php(312): CodeIgniter\CodeIgniter->run()
 8 SYSTEMPATH/Boot.php(67): CodeIgniter\Boot::runCodeIgniter()
 9 FCPATH/index.php(57): CodeIgniter\Boot::bootWeb()
CRITICAL - 2025-11-03 13:31:32 --> ParseError: syntax error, unexpected token "echo", expecting ";" or "{"
[Method: GET, Route: akpiscourse/cch]
in APPPATH/Controllers/Courses.php on line 32.
 1 SYSTEMPATH/Autoloader/Autoloader.php(296): CodeIgniter\Autoloader\Autoloader->includeFile()
 2 SYSTEMPATH/Autoloader/Autoloader.php(272): CodeIgniter\Autoloader\Autoloader->loadInNamespace()
 3 [internal function]: CodeIgniter\Autoloader\Autoloader->loadClass()
 4 SYSTEMPATH/CodeIgniter.php(887): class_exists()
 5 SYSTEMPATH/CodeIgniter.php(496): CodeIgniter\CodeIgniter->startController()
 6 SYSTEMPATH/CodeIgniter.php(355): CodeIgniter\CodeIgniter->handleRequest()
 7 SYSTEMPATH/Boot.php(312): CodeIgniter\CodeIgniter->run()
 8 SYSTEMPATH/Boot.php(67): CodeIgniter\Boot::runCodeIgniter()
 9 FCPATH/index.php(57): CodeIgniter\Boot::bootWeb()
CRITICAL - 2025-11-03 13:32:33 --> ParseError: syntax error, unexpected token "echo", expecting ";" or "{"
[Method: GET, Route: akpiscourse/zoho]
in APPPATH/Controllers/Courses.php on line 32.
 1 SYSTEMPATH/Autoloader/Autoloader.php(296): CodeIgniter\Autoloader\Autoloader->includeFile()
 2 SYSTEMPATH/Autoloader/Autoloader.php(272): CodeIgniter\Autoloader\Autoloader->loadInNamespace()
 3 [internal function]: CodeIgniter\Autoloader\Autoloader->loadClass()
 4 SYSTEMPATH/CodeIgniter.php(887): class_exists()
 5 SYSTEMPATH/CodeIgniter.php(496): CodeIgniter\CodeIgniter->startController()
 6 SYSTEMPATH/CodeIgniter.php(355): CodeIgniter\CodeIgniter->handleRequest()
 7 SYSTEMPATH/Boot.php(312): CodeIgniter\CodeIgniter->run()
 8 SYSTEMPATH/Boot.php(67): CodeIgniter\Boot::runCodeIgniter()
 9 FCPATH/index.php(57): CodeIgniter\Boot::bootWeb()
CRITICAL - 2025-11-03 13:32:33 --> ParseError: syntax error, unexpected token "echo", expecting ";" or "{"
[Method: GET, Route: akpiscourse/zoho]
in APPPATH/Controllers/Courses.php on line 32.
 1 SYSTEMPATH/Autoloader/Autoloader.php(296): CodeIgniter\Autoloader\Autoloader->includeFile()
 2 SYSTEMPATH/Autoloader/Autoloader.php(272): CodeIgniter\Autoloader\Autoloader->loadInNamespace()
 3 [internal function]: CodeIgniter\Autoloader\Autoloader->loadClass()
 4 SYSTEMPATH/CodeIgniter.php(887): class_exists()
 5 SYSTEMPATH/CodeIgniter.php(496): CodeIgniter\CodeIgniter->startController()
 6 SYSTEMPATH/CodeIgniter.php(355): CodeIgniter\CodeIgniter->handleRequest()
 7 SYSTEMPATH/Boot.php(312): CodeIgniter\CodeIgniter->run()
 8 SYSTEMPATH/Boot.php(67): CodeIgniter\Boot::runCodeIgniter()
 9 FCPATH/index.php(57): CodeIgniter\Boot::bootWeb()
CRITICAL - 2025-11-03 14:43:16 --> ErrorException: include(layout/header.php): Failed to open stream: No such file or directory
[Method: GET, Route: akpiscourse/turbotax]
in APPPATH/Views/web/course/course_detail_turbotax.php on line 1.
 1 APPPATH/Views/web/course/course_detail_turbotax.php(1): CodeIgniter\Debug\Exceptions->errorHandler()
 2 APPPATH/Views/web/course/course_detail_turbotax.php(1): include()
 3 SYSTEMPATH/View/View.php(234): include('/home/1285171.cloudwaysapps.com/ntysncanmj/public_html/app/Views/web/course/course_detail_turbotax.php')
 4 SYSTEMPATH/View/View.php(237): CodeIgniter\View\View->CodeIgniter\View\{closure}()
 5 SYSTEMPATH/Common.php(1171): CodeIgniter\View\View->render()
 6 APPPATH/Views/web/layout/layout.php(126): view()
 7 SYSTEMPATH/View/View.php(234): include('/home/1285171.cloudwaysapps.com/ntysncanmj/public_html/app/Views/web/layout/layout.php')
 8 SYSTEMPATH/View/View.php(237): CodeIgniter\View\View->CodeIgniter\View\{closure}()
 9 SYSTEMPATH/Common.php(1171): CodeIgniter\View\View->render()
10 APPPATH/Libraries/Layout.php(16): view()
11 APPPATH/Controllers/Courses.php(98): App\Libraries\Layout::web()
12 SYSTEMPATH/CodeIgniter.php(933): App\Controllers\Courses->course()
13 SYSTEMPATH/CodeIgniter.php(509): CodeIgniter\CodeIgniter->runController()
14 SYSTEMPATH/CodeIgniter.php(355): CodeIgniter\CodeIgniter->handleRequest()
15 SYSTEMPATH/Boot.php(312): CodeIgniter\CodeIgniter->run()
16 SYSTEMPATH/Boot.php(67): CodeIgniter\Boot::runCodeIgniter()
17 FCPATH/index.php(57): CodeIgniter\Boot::bootWeb()
CRITICAL - 2025-11-03 14:43:47 --> ErrorException: include(layout/header.php): Failed to open stream: No such file or directory
[Method: GET, Route: akpiscourse/turbotax]
in APPPATH/Views/web/course/course_detail_turbotax.php on line 1.
 1 APPPATH/Views/web/course/course_detail_turbotax.php(1): CodeIgniter\Debug\Exceptions->errorHandler()
 2 APPPATH/Views/web/course/course_detail_turbotax.php(1): include()
 3 SYSTEMPATH/View/View.php(234): include('/home/1285171.cloudwaysapps.com/ntysncanmj/public_html/app/Views/web/course/course_detail_turbotax.php')
 4 SYSTEMPATH/View/View.php(237): CodeIgniter\View\View->CodeIgniter\View\{closure}()
 5 SYSTEMPATH/Common.php(1171): CodeIgniter\View\View->render()
 6 APPPATH/Views/web/layout/layout.php(126): view()
 7 SYSTEMPATH/View/View.php(234): include('/home/1285171.cloudwaysapps.com/ntysncanmj/public_html/app/Views/web/layout/layout.php')
 8 SYSTEMPATH/View/View.php(237): CodeIgniter\View\View->CodeIgniter\View\{closure}()
 9 SYSTEMPATH/Common.php(1171): CodeIgniter\View\View->render()
10 APPPATH/Libraries/Layout.php(16): view()
11 APPPATH/Controllers/Courses.php(98): App\Libraries\Layout::web()
12 SYSTEMPATH/CodeIgniter.php(933): App\Controllers\Courses->course()
13 SYSTEMPATH/CodeIgniter.php(509): CodeIgniter\CodeIgniter->runController()
14 SYSTEMPATH/CodeIgniter.php(355): CodeIgniter\CodeIgniter->handleRequest()
15 SYSTEMPATH/Boot.php(312): CodeIgniter\CodeIgniter->run()
16 SYSTEMPATH/Boot.php(67): CodeIgniter\Boot::runCodeIgniter()
17 FCPATH/index.php(57): CodeIgniter\Boot::bootWeb()
CRITICAL - 2025-11-03 14:43:47 --> ErrorException: include(layout/header.php): Failed to open stream: No such file or directory
[Method: GET, Route: akpiscourse/turbotax]
in APPPATH/Views/web/course/course_detail_turbotax.php on line 1.
 1 APPPATH/Views/web/course/course_detail_turbotax.php(1): CodeIgniter\Debug\Exceptions->errorHandler()
 2 APPPATH/Views/web/course/course_detail_turbotax.php(1): include()
 3 SYSTEMPATH/View/View.php(234): include('/home/1285171.cloudwaysapps.com/ntysncanmj/public_html/app/Views/web/course/course_detail_turbotax.php')
 4 SYSTEMPATH/View/View.php(237): CodeIgniter\View\View->CodeIgniter\View\{closure}()
 5 SYSTEMPATH/Common.php(1171): CodeIgniter\View\View->render()
 6 APPPATH/Views/web/layout/layout.php(126): view()
 7 SYSTEMPATH/View/View.php(234): include('/home/1285171.cloudwaysapps.com/ntysncanmj/public_html/app/Views/web/layout/layout.php')
 8 SYSTEMPATH/View/View.php(237): CodeIgniter\View\View->CodeIgniter\View\{closure}()
 9 SYSTEMPATH/Common.php(1171): CodeIgniter\View\View->render()
10 APPPATH/Libraries/Layout.php(16): view()
11 APPPATH/Controllers/Courses.php(98): App\Libraries\Layout::web()
12 SYSTEMPATH/CodeIgniter.php(933): App\Controllers\Courses->course()
13 SYSTEMPATH/CodeIgniter.php(509): CodeIgniter\CodeIgniter->runController()
14 SYSTEMPATH/CodeIgniter.php(355): CodeIgniter\CodeIgniter->handleRequest()
15 SYSTEMPATH/Boot.php(312): CodeIgniter\CodeIgniter->run()
16 SYSTEMPATH/Boot.php(67): CodeIgniter\Boot::runCodeIgniter()
17 FCPATH/index.php(57): CodeIgniter\Boot::bootWeb()
