CRITICAL - 2025-11-07 17:06:33 --> ErrorException: Attempt to read property "name" on array
[Method: GET, Route: admin/enquiries]
in APPPATH/Views/admin/courseNew/enquiry_data.php on line 42.
 1 APPPATH/Views/admin/courseNew/enquiry_data.php(42): CodeIgniter\Debug\Exceptions->errorHandler()
 2 SYSTEMPATH/View/View.php(234): include('/home/1285171.cloudwaysapps.com/ntysncanmj/public_html/app/Views/admin/courseNew/enquiry_data.php')
 3 SYSTEMPATH/View/View.php(237): CodeIgniter\View\View->CodeIgniter\View\{closure}()
 4 SYSTEMPATH/Common.php(1171): CodeIgniter\View\View->render()
 5 APPPATH/Views/admin/layout/layout.php(22): view()
 6 SYSTEMPATH/View/View.php(234): include('/home/1285171.cloudwaysapps.com/ntysncanmj/public_html/app/Views/admin/layout/layout.php')
 7 SYSTEMPATH/View/View.php(237): CodeIgniter\View\View->CodeIgniter\View\{closure}()
 8 SYSTEMPATH/Common.php(1171): CodeIgniter\View\View->render()
 9 APPPATH/Libraries/Layout.php(10): view()
10 APPPATH/Controllers/admin/CoursesNew.php(44): App\Libraries\Layout::view()
11 SYSTEMPATH/CodeIgniter.php(933): App\Controllers\admin\CoursesNew->enquiries()
12 SYSTEMPATH/CodeIgniter.php(509): CodeIgniter\CodeIgniter->runController()
13 SYSTEMPATH/CodeIgniter.php(355): CodeIgniter\CodeIgniter->handleRequest()
14 SYSTEMPATH/Boot.php(312): CodeIgniter\CodeIgniter->run()
15 SYSTEMPATH/Boot.php(67): CodeIgniter\Boot::runCodeIgniter()
16 FCPATH/index.php(57): CodeIgniter\Boot::bootWeb()
CRITICAL - 2025-11-07 17:07:40 --> ErrorException: Undefined array key "contact "
[Method: GET, Route: admin/enquiries]
in APPPATH/Views/admin/courseNew/enquiry_data.php on line 45.
 1 APPPATH/Views/admin/courseNew/enquiry_data.php(45): CodeIgniter\Debug\Exceptions->errorHandler()
 2 SYSTEMPATH/View/View.php(234): include('/home/1285171.cloudwaysapps.com/ntysncanmj/public_html/app/Views/admin/courseNew/enquiry_data.php')
 3 SYSTEMPATH/View/View.php(237): CodeIgniter\View\View->CodeIgniter\View\{closure}()
 4 SYSTEMPATH/Common.php(1171): CodeIgniter\View\View->render()
 5 APPPATH/Views/admin/layout/layout.php(22): view()
 6 SYSTEMPATH/View/View.php(234): include('/home/1285171.cloudwaysapps.com/ntysncanmj/public_html/app/Views/admin/layout/layout.php')
 7 SYSTEMPATH/View/View.php(237): CodeIgniter\View\View->CodeIgniter\View\{closure}()
 8 SYSTEMPATH/Common.php(1171): CodeIgniter\View\View->render()
 9 APPPATH/Libraries/Layout.php(10): view()
10 APPPATH/Controllers/admin/CoursesNew.php(44): App\Libraries\Layout::view()
11 SYSTEMPATH/CodeIgniter.php(933): App\Controllers\admin\CoursesNew->enquiries()
12 SYSTEMPATH/CodeIgniter.php(509): CodeIgniter\CodeIgniter->runController()
13 SYSTEMPATH/CodeIgniter.php(355): CodeIgniter\CodeIgniter->handleRequest()
14 SYSTEMPATH/Boot.php(312): CodeIgniter\CodeIgniter->run()
15 SYSTEMPATH/Boot.php(67): CodeIgniter\Boot::runCodeIgniter()
16 FCPATH/index.php(57): CodeIgniter\Boot::bootWeb()
CRITICAL - 2025-11-07 17:07:58 --> ErrorException: Undefined array key "contact "
[Method: GET, Route: admin/enquiries]
in APPPATH/Views/admin/courseNew/enquiry_data.php on line 45.
 1 APPPATH/Views/admin/courseNew/enquiry_data.php(45): CodeIgniter\Debug\Exceptions->errorHandler()
 2 SYSTEMPATH/View/View.php(234): include('/home/1285171.cloudwaysapps.com/ntysncanmj/public_html/app/Views/admin/courseNew/enquiry_data.php')
 3 SYSTEMPATH/View/View.php(237): CodeIgniter\View\View->CodeIgniter\View\{closure}()
 4 SYSTEMPATH/Common.php(1171): CodeIgniter\View\View->render()
 5 APPPATH/Views/admin/layout/layout.php(22): view()
 6 SYSTEMPATH/View/View.php(234): include('/home/1285171.cloudwaysapps.com/ntysncanmj/public_html/app/Views/admin/layout/layout.php')
 7 SYSTEMPATH/View/View.php(237): CodeIgniter\View\View->CodeIgniter\View\{closure}()
 8 SYSTEMPATH/Common.php(1171): CodeIgniter\View\View->render()
 9 APPPATH/Libraries/Layout.php(10): view()
10 APPPATH/Controllers/admin/CoursesNew.php(44): App\Libraries\Layout::view()
11 SYSTEMPATH/CodeIgniter.php(933): App\Controllers\admin\CoursesNew->enquiries()
12 SYSTEMPATH/CodeIgniter.php(509): CodeIgniter\CodeIgniter->runController()
13 SYSTEMPATH/CodeIgniter.php(355): CodeIgniter\CodeIgniter->handleRequest()
14 SYSTEMPATH/Boot.php(312): CodeIgniter\CodeIgniter->run()
15 SYSTEMPATH/Boot.php(67): CodeIgniter\Boot::runCodeIgniter()
16 FCPATH/index.php(57): CodeIgniter\Boot::bootWeb()
CRITICAL - 2025-11-07 17:08:26 --> ErrorException: Attempt to read property "id" on array
[Method: GET, Route: admin/enquiries]
in APPPATH/Views/admin/courseNew/enquiry_data.php on line 48.
 1 APPPATH/Views/admin/courseNew/enquiry_data.php(48): CodeIgniter\Debug\Exceptions->errorHandler()
 2 SYSTEMPATH/View/View.php(234): include('/home/1285171.cloudwaysapps.com/ntysncanmj/public_html/app/Views/admin/courseNew/enquiry_data.php')
 3 SYSTEMPATH/View/View.php(237): CodeIgniter\View\View->CodeIgniter\View\{closure}()
 4 SYSTEMPATH/Common.php(1171): CodeIgniter\View\View->render()
 5 APPPATH/Views/admin/layout/layout.php(22): view()
 6 SYSTEMPATH/View/View.php(234): include('/home/1285171.cloudwaysapps.com/ntysncanmj/public_html/app/Views/admin/layout/layout.php')
 7 SYSTEMPATH/View/View.php(237): CodeIgniter\View\View->CodeIgniter\View\{closure}()
 8 SYSTEMPATH/Common.php(1171): CodeIgniter\View\View->render()
 9 APPPATH/Libraries/Layout.php(10): view()
10 APPPATH/Controllers/admin/CoursesNew.php(44): App\Libraries\Layout::view()
11 SYSTEMPATH/CodeIgniter.php(933): App\Controllers\admin\CoursesNew->enquiries()
12 SYSTEMPATH/CodeIgniter.php(509): CodeIgniter\CodeIgniter->runController()
13 SYSTEMPATH/CodeIgniter.php(355): CodeIgniter\CodeIgniter->handleRequest()
14 SYSTEMPATH/Boot.php(312): CodeIgniter\CodeIgniter->run()
15 SYSTEMPATH/Boot.php(67): CodeIgniter\Boot::runCodeIgniter()
16 FCPATH/index.php(57): CodeIgniter\Boot::bootWeb()
CRITICAL - 2025-11-07 17:08:27 --> ErrorException: Attempt to read property "id" on array
[Method: GET, Route: admin/enquiries]
in APPPATH/Views/admin/courseNew/enquiry_data.php on line 48.
 1 APPPATH/Views/admin/courseNew/enquiry_data.php(48): CodeIgniter\Debug\Exceptions->errorHandler()
 2 SYSTEMPATH/View/View.php(234): include('/home/1285171.cloudwaysapps.com/ntysncanmj/public_html/app/Views/admin/courseNew/enquiry_data.php')
 3 SYSTEMPATH/View/View.php(237): CodeIgniter\View\View->CodeIgniter\View\{closure}()
 4 SYSTEMPATH/Common.php(1171): CodeIgniter\View\View->render()
 5 APPPATH/Views/admin/layout/layout.php(22): view()
 6 SYSTEMPATH/View/View.php(234): include('/home/1285171.cloudwaysapps.com/ntysncanmj/public_html/app/Views/admin/layout/layout.php')
 7 SYSTEMPATH/View/View.php(237): CodeIgniter\View\View->CodeIgniter\View\{closure}()
 8 SYSTEMPATH/Common.php(1171): CodeIgniter\View\View->render()
 9 APPPATH/Libraries/Layout.php(10): view()
10 APPPATH/Controllers/admin/CoursesNew.php(44): App\Libraries\Layout::view()
11 SYSTEMPATH/CodeIgniter.php(933): App\Controllers\admin\CoursesNew->enquiries()
12 SYSTEMPATH/CodeIgniter.php(509): CodeIgniter\CodeIgniter->runController()
13 SYSTEMPATH/CodeIgniter.php(355): CodeIgniter\CodeIgniter->handleRequest()
14 SYSTEMPATH/Boot.php(312): CodeIgniter\CodeIgniter->run()
15 SYSTEMPATH/Boot.php(67): CodeIgniter\Boot::runCodeIgniter()
16 FCPATH/index.php(57): CodeIgniter\Boot::bootWeb()
CRITICAL - 2025-11-07 17:09:26 --> ErrorException: Undefined array key "contact "
[Method: GET, Route: admin/enquiries]
in APPPATH/Views/admin/courseNew/enquiry_data.php on line 45.
 1 APPPATH/Views/admin/courseNew/enquiry_data.php(45): CodeIgniter\Debug\Exceptions->errorHandler()
 2 SYSTEMPATH/View/View.php(234): include('/home/1285171.cloudwaysapps.com/ntysncanmj/public_html/app/Views/admin/courseNew/enquiry_data.php')
 3 SYSTEMPATH/View/View.php(237): CodeIgniter\View\View->CodeIgniter\View\{closure}()
 4 SYSTEMPATH/Common.php(1171): CodeIgniter\View\View->render()
 5 APPPATH/Views/admin/layout/layout.php(22): view()
 6 SYSTEMPATH/View/View.php(234): include('/home/1285171.cloudwaysapps.com/ntysncanmj/public_html/app/Views/admin/layout/layout.php')
 7 SYSTEMPATH/View/View.php(237): CodeIgniter\View\View->CodeIgniter\View\{closure}()
 8 SYSTEMPATH/Common.php(1171): CodeIgniter\View\View->render()
 9 APPPATH/Libraries/Layout.php(10): view()
10 APPPATH/Controllers/admin/CoursesNew.php(44): App\Libraries\Layout::view()
11 SYSTEMPATH/CodeIgniter.php(933): App\Controllers\admin\CoursesNew->enquiries()
12 SYSTEMPATH/CodeIgniter.php(509): CodeIgniter\CodeIgniter->runController()
13 SYSTEMPATH/CodeIgniter.php(355): CodeIgniter\CodeIgniter->handleRequest()
14 SYSTEMPATH/Boot.php(312): CodeIgniter\CodeIgniter->run()
15 SYSTEMPATH/Boot.php(67): CodeIgniter\Boot::runCodeIgniter()
16 FCPATH/index.php(57): CodeIgniter\Boot::bootWeb()
CRITICAL - 2025-11-07 17:09:27 --> ErrorException: Undefined array key "contact "
[Method: GET, Route: admin/enquiries]
in APPPATH/Views/admin/courseNew/enquiry_data.php on line 45.
 1 APPPATH/Views/admin/courseNew/enquiry_data.php(45): CodeIgniter\Debug\Exceptions->errorHandler()
 2 SYSTEMPATH/View/View.php(234): include('/home/1285171.cloudwaysapps.com/ntysncanmj/public_html/app/Views/admin/courseNew/enquiry_data.php')
 3 SYSTEMPATH/View/View.php(237): CodeIgniter\View\View->CodeIgniter\View\{closure}()
 4 SYSTEMPATH/Common.php(1171): CodeIgniter\View\View->render()
 5 APPPATH/Views/admin/layout/layout.php(22): view()
 6 SYSTEMPATH/View/View.php(234): include('/home/1285171.cloudwaysapps.com/ntysncanmj/public_html/app/Views/admin/layout/layout.php')
 7 SYSTEMPATH/View/View.php(237): CodeIgniter\View\View->CodeIgniter\View\{closure}()
 8 SYSTEMPATH/Common.php(1171): CodeIgniter\View\View->render()
 9 APPPATH/Libraries/Layout.php(10): view()
10 APPPATH/Controllers/admin/CoursesNew.php(44): App\Libraries\Layout::view()
11 SYSTEMPATH/CodeIgniter.php(933): App\Controllers\admin\CoursesNew->enquiries()
12 SYSTEMPATH/CodeIgniter.php(509): CodeIgniter\CodeIgniter->runController()
13 SYSTEMPATH/CodeIgniter.php(355): CodeIgniter\CodeIgniter->handleRequest()
14 SYSTEMPATH/Boot.php(312): CodeIgniter\CodeIgniter->run()
15 SYSTEMPATH/Boot.php(67): CodeIgniter\Boot::runCodeIgniter()
16 FCPATH/index.php(57): CodeIgniter\Boot::bootWeb()
ERROR - 2025-11-07 17:14:09 --> mysqli_sql_exception: Unknown table 'ntysncanmj.enquiries' in /home/1285171.cloudwaysapps.com/ntysncanmj/public_html/system/Database/MySQLi/Connection.php:308
Stack trace:
#0 /home/1285171.cloudwaysapps.com/ntysncanmj/public_html/system/Database/MySQLi/Connection.php(308): mysqli->query()
#1 /home/1285171.cloudwaysapps.com/ntysncanmj/public_html/system/Database/BaseConnection.php(722): CodeIgniter\Database\MySQLi\Connection->execute()
#2 /home/1285171.cloudwaysapps.com/ntysncanmj/public_html/system/Database/BaseConnection.php(636): CodeIgniter\Database\BaseConnection->simpleQuery()
#3 /home/1285171.cloudwaysapps.com/ntysncanmj/public_html/system/Database/BaseBuilder.php(1629): CodeIgniter\Database\BaseConnection->query()
#4 /home/1285171.cloudwaysapps.com/ntysncanmj/public_html/system/Model.php(275): CodeIgniter\Database\BaseBuilder->get()
#5 /home/1285171.cloudwaysapps.com/ntysncanmj/public_html/system/BaseModel.php(676): CodeIgniter\Model->doFindAll()
#6 /home/1285171.cloudwaysapps.com/ntysncanmj/public_html/app/Models/WebinarEnquiryModel.php(37): CodeIgniter\BaseModel->findAll()
#7 /home/1285171.cloudwaysapps.com/ntysncanmj/public_html/app/Controllers/admin/CoursesNew.php(41): App\Models\WebinarEnquiryModel->getEnquiriesWithCourse()
#8 /home/1285171.cloudwaysapps.com/ntysncanmj/public_html/system/CodeIgniter.php(933): App\Controllers\admin\CoursesNew->enquiries()
#9 /home/1285171.cloudwaysapps.com/ntysncanmj/public_html/system/CodeIgniter.php(509): CodeIgniter\CodeIgniter->runController()
#10 /home/1285171.cloudwaysapps.com/ntysncanmj/public_html/system/CodeIgniter.php(355): CodeIgniter\CodeIgniter->handleRequest()
#11 /home/1285171.cloudwaysapps.com/ntysncanmj/public_html/system/Boot.php(312): CodeIgniter\CodeIgniter->run()
#12 /home/1285171.cloudwaysapps.com/ntysncanmj/public_html/system/Boot.php(67): CodeIgniter\Boot::runCodeIgniter()
#13 /home/1285171.cloudwaysapps.com/ntysncanmj/public_html/index.php(57): CodeIgniter\Boot::bootWeb()
#14 {main}
CRITICAL - 2025-11-07 17:14:09 --> CodeIgniter\Database\Exceptions\DatabaseException: Unknown table 'ntysncanmj.enquiries'
[Method: GET, Route: admin/enquiries]
in SYSTEMPATH/Database/BaseConnection.php on line 676.
 1 SYSTEMPATH/Database/BaseBuilder.php(1629): CodeIgniter\Database\BaseConnection->query()
 2 SYSTEMPATH/Model.php(275): CodeIgniter\Database\BaseBuilder->get()
 3 SYSTEMPATH/BaseModel.php(676): CodeIgniter\Model->doFindAll()
 4 APPPATH/Models/WebinarEnquiryModel.php(37): CodeIgniter\BaseModel->findAll()
 5 APPPATH/Controllers/admin/CoursesNew.php(41): App\Models\WebinarEnquiryModel->getEnquiriesWithCourse()
 6 SYSTEMPATH/CodeIgniter.php(933): App\Controllers\admin\CoursesNew->enquiries()
 7 SYSTEMPATH/CodeIgniter.php(509): CodeIgniter\CodeIgniter->runController()
 8 SYSTEMPATH/CodeIgniter.php(355): CodeIgniter\CodeIgniter->handleRequest()
 9 SYSTEMPATH/Boot.php(312): CodeIgniter\CodeIgniter->run()
10 SYSTEMPATH/Boot.php(67): CodeIgniter\Boot::runCodeIgniter()
11 FCPATH/index.php(57): CodeIgniter\Boot::bootWeb()
CRITICAL - 2025-11-07 17:14:09 --> [Caused by] CodeIgniter\Database\Exceptions\DatabaseException: Unknown table 'ntysncanmj.enquiries'
in SYSTEMPATH/Database/MySQLi/Connection.php on line 313.
 1 SYSTEMPATH/Database/BaseConnection.php(722): CodeIgniter\Database\MySQLi\Connection->execute()
 2 SYSTEMPATH/Database/BaseConnection.php(636): CodeIgniter\Database\BaseConnection->simpleQuery()
 3 SYSTEMPATH/Database/BaseBuilder.php(1629): CodeIgniter\Database\BaseConnection->query()
 4 SYSTEMPATH/Model.php(275): CodeIgniter\Database\BaseBuilder->get()
 5 SYSTEMPATH/BaseModel.php(676): CodeIgniter\Model->doFindAll()
 6 APPPATH/Models/WebinarEnquiryModel.php(37): CodeIgniter\BaseModel->findAll()
 7 APPPATH/Controllers/admin/CoursesNew.php(41): App\Models\WebinarEnquiryModel->getEnquiriesWithCourse()
 8 SYSTEMPATH/CodeIgniter.php(933): App\Controllers\admin\CoursesNew->enquiries()
 9 SYSTEMPATH/CodeIgniter.php(509): CodeIgniter\CodeIgniter->runController()
10 SYSTEMPATH/CodeIgniter.php(355): CodeIgniter\CodeIgniter->handleRequest()
11 SYSTEMPATH/Boot.php(312): CodeIgniter\CodeIgniter->run()
12 SYSTEMPATH/Boot.php(67): CodeIgniter\Boot::runCodeIgniter()
13 FCPATH/index.php(57): CodeIgniter\Boot::bootWeb()
CRITICAL - 2025-11-07 17:14:09 --> [Caused by] mysqli_sql_exception: Unknown table 'ntysncanmj.enquiries'
in SYSTEMPATH/Database/MySQLi/Connection.php on line 308.
 1 SYSTEMPATH/Database/MySQLi/Connection.php(308): mysqli->query()
 2 SYSTEMPATH/Database/BaseConnection.php(722): CodeIgniter\Database\MySQLi\Connection->execute()
 3 SYSTEMPATH/Database/BaseConnection.php(636): CodeIgniter\Database\BaseConnection->simpleQuery()
 4 SYSTEMPATH/Database/BaseBuilder.php(1629): CodeIgniter\Database\BaseConnection->query()
 5 SYSTEMPATH/Model.php(275): CodeIgniter\Database\BaseBuilder->get()
 6 SYSTEMPATH/BaseModel.php(676): CodeIgniter\Model->doFindAll()
 7 APPPATH/Models/WebinarEnquiryModel.php(37): CodeIgniter\BaseModel->findAll()
 8 APPPATH/Controllers/admin/CoursesNew.php(41): App\Models\WebinarEnquiryModel->getEnquiriesWithCourse()
 9 SYSTEMPATH/CodeIgniter.php(933): App\Controllers\admin\CoursesNew->enquiries()
10 SYSTEMPATH/CodeIgniter.php(509): CodeIgniter\CodeIgniter->runController()
11 SYSTEMPATH/CodeIgniter.php(355): CodeIgniter\CodeIgniter->handleRequest()
12 SYSTEMPATH/Boot.php(312): CodeIgniter\CodeIgniter->run()
13 SYSTEMPATH/Boot.php(67): CodeIgniter\Boot::runCodeIgniter()
14 FCPATH/index.php(57): CodeIgniter\Boot::bootWeb()
ERROR - 2025-11-07 17:15:03 --> mysqli_sql_exception: Unknown table 'ntysncanmj.enquiries' in /home/1285171.cloudwaysapps.com/ntysncanmj/public_html/system/Database/MySQLi/Connection.php:308
Stack trace:
#0 /home/1285171.cloudwaysapps.com/ntysncanmj/public_html/system/Database/MySQLi/Connection.php(308): mysqli->query()
#1 /home/1285171.cloudwaysapps.com/ntysncanmj/public_html/system/Database/BaseConnection.php(722): CodeIgniter\Database\MySQLi\Connection->execute()
#2 /home/1285171.cloudwaysapps.com/ntysncanmj/public_html/system/Database/BaseConnection.php(636): CodeIgniter\Database\BaseConnection->simpleQuery()
#3 /home/1285171.cloudwaysapps.com/ntysncanmj/public_html/system/Database/BaseBuilder.php(1629): CodeIgniter\Database\BaseConnection->query()
#4 /home/1285171.cloudwaysapps.com/ntysncanmj/public_html/system/Model.php(275): CodeIgniter\Database\BaseBuilder->get()
#5 /home/1285171.cloudwaysapps.com/ntysncanmj/public_html/system/BaseModel.php(676): CodeIgniter\Model->doFindAll()
#6 /home/1285171.cloudwaysapps.com/ntysncanmj/public_html/app/Models/WebinarEnquiryModel.php(37): CodeIgniter\BaseModel->findAll()
#7 /home/1285171.cloudwaysapps.com/ntysncanmj/public_html/app/Controllers/admin/CoursesNew.php(41): App\Models\WebinarEnquiryModel->getEnquiriesWithCourse()
#8 /home/1285171.cloudwaysapps.com/ntysncanmj/public_html/system/CodeIgniter.php(933): App\Controllers\admin\CoursesNew->enquiries()
#9 /home/1285171.cloudwaysapps.com/ntysncanmj/public_html/system/CodeIgniter.php(509): CodeIgniter\CodeIgniter->runController()
#10 /home/1285171.cloudwaysapps.com/ntysncanmj/public_html/system/CodeIgniter.php(355): CodeIgniter\CodeIgniter->handleRequest()
#11 /home/1285171.cloudwaysapps.com/ntysncanmj/public_html/system/Boot.php(312): CodeIgniter\CodeIgniter->run()
#12 /home/1285171.cloudwaysapps.com/ntysncanmj/public_html/system/Boot.php(67): CodeIgniter\Boot::runCodeIgniter()
#13 /home/1285171.cloudwaysapps.com/ntysncanmj/public_html/index.php(57): CodeIgniter\Boot::bootWeb()
#14 {main}
CRITICAL - 2025-11-07 17:15:03 --> CodeIgniter\Database\Exceptions\DatabaseException: Unknown table 'ntysncanmj.enquiries'
[Method: GET, Route: admin/enquiries]
in SYSTEMPATH/Database/BaseConnection.php on line 676.
 1 SYSTEMPATH/Database/BaseBuilder.php(1629): CodeIgniter\Database\BaseConnection->query()
 2 SYSTEMPATH/Model.php(275): CodeIgniter\Database\BaseBuilder->get()
 3 SYSTEMPATH/BaseModel.php(676): CodeIgniter\Model->doFindAll()
 4 APPPATH/Models/WebinarEnquiryModel.php(37): CodeIgniter\BaseModel->findAll()
 5 APPPATH/Controllers/admin/CoursesNew.php(41): App\Models\WebinarEnquiryModel->getEnquiriesWithCourse()
 6 SYSTEMPATH/CodeIgniter.php(933): App\Controllers\admin\CoursesNew->enquiries()
 7 SYSTEMPATH/CodeIgniter.php(509): CodeIgniter\CodeIgniter->runController()
 8 SYSTEMPATH/CodeIgniter.php(355): CodeIgniter\CodeIgniter->handleRequest()
 9 SYSTEMPATH/Boot.php(312): CodeIgniter\CodeIgniter->run()
10 SYSTEMPATH/Boot.php(67): CodeIgniter\Boot::runCodeIgniter()
11 FCPATH/index.php(57): CodeIgniter\Boot::bootWeb()
CRITICAL - 2025-11-07 17:15:03 --> [Caused by] CodeIgniter\Database\Exceptions\DatabaseException: Unknown table 'ntysncanmj.enquiries'
in SYSTEMPATH/Database/MySQLi/Connection.php on line 313.
 1 SYSTEMPATH/Database/BaseConnection.php(722): CodeIgniter\Database\MySQLi\Connection->execute()
 2 SYSTEMPATH/Database/BaseConnection.php(636): CodeIgniter\Database\BaseConnection->simpleQuery()
 3 SYSTEMPATH/Database/BaseBuilder.php(1629): CodeIgniter\Database\BaseConnection->query()
 4 SYSTEMPATH/Model.php(275): CodeIgniter\Database\BaseBuilder->get()
 5 SYSTEMPATH/BaseModel.php(676): CodeIgniter\Model->doFindAll()
 6 APPPATH/Models/WebinarEnquiryModel.php(37): CodeIgniter\BaseModel->findAll()
 7 APPPATH/Controllers/admin/CoursesNew.php(41): App\Models\WebinarEnquiryModel->getEnquiriesWithCourse()
 8 SYSTEMPATH/CodeIgniter.php(933): App\Controllers\admin\CoursesNew->enquiries()
 9 SYSTEMPATH/CodeIgniter.php(509): CodeIgniter\CodeIgniter->runController()
10 SYSTEMPATH/CodeIgniter.php(355): CodeIgniter\CodeIgniter->handleRequest()
11 SYSTEMPATH/Boot.php(312): CodeIgniter\CodeIgniter->run()
12 SYSTEMPATH/Boot.php(67): CodeIgniter\Boot::runCodeIgniter()
13 FCPATH/index.php(57): CodeIgniter\Boot::bootWeb()
CRITICAL - 2025-11-07 17:15:03 --> [Caused by] mysqli_sql_exception: Unknown table 'ntysncanmj.enquiries'
in SYSTEMPATH/Database/MySQLi/Connection.php on line 308.
 1 SYSTEMPATH/Database/MySQLi/Connection.php(308): mysqli->query()
 2 SYSTEMPATH/Database/BaseConnection.php(722): CodeIgniter\Database\MySQLi\Connection->execute()
 3 SYSTEMPATH/Database/BaseConnection.php(636): CodeIgniter\Database\BaseConnection->simpleQuery()
 4 SYSTEMPATH/Database/BaseBuilder.php(1629): CodeIgniter\Database\BaseConnection->query()
 5 SYSTEMPATH/Model.php(275): CodeIgniter\Database\BaseBuilder->get()
 6 SYSTEMPATH/BaseModel.php(676): CodeIgniter\Model->doFindAll()
 7 APPPATH/Models/WebinarEnquiryModel.php(37): CodeIgniter\BaseModel->findAll()
 8 APPPATH/Controllers/admin/CoursesNew.php(41): App\Models\WebinarEnquiryModel->getEnquiriesWithCourse()
 9 SYSTEMPATH/CodeIgniter.php(933): App\Controllers\admin\CoursesNew->enquiries()
10 SYSTEMPATH/CodeIgniter.php(509): CodeIgniter\CodeIgniter->runController()
11 SYSTEMPATH/CodeIgniter.php(355): CodeIgniter\CodeIgniter->handleRequest()
12 SYSTEMPATH/Boot.php(312): CodeIgniter\CodeIgniter->run()
13 SYSTEMPATH/Boot.php(67): CodeIgniter\Boot::runCodeIgniter()
14 FCPATH/index.php(57): CodeIgniter\Boot::bootWeb()
ERROR - 2025-11-07 17:15:04 --> mysqli_sql_exception: Unknown table 'ntysncanmj.enquiries' in /home/1285171.cloudwaysapps.com/ntysncanmj/public_html/system/Database/MySQLi/Connection.php:308
Stack trace:
#0 /home/1285171.cloudwaysapps.com/ntysncanmj/public_html/system/Database/MySQLi/Connection.php(308): mysqli->query()
#1 /home/1285171.cloudwaysapps.com/ntysncanmj/public_html/system/Database/BaseConnection.php(722): CodeIgniter\Database\MySQLi\Connection->execute()
#2 /home/1285171.cloudwaysapps.com/ntysncanmj/public_html/system/Database/BaseConnection.php(636): CodeIgniter\Database\BaseConnection->simpleQuery()
#3 /home/1285171.cloudwaysapps.com/ntysncanmj/public_html/system/Database/BaseBuilder.php(1629): CodeIgniter\Database\BaseConnection->query()
#4 /home/1285171.cloudwaysapps.com/ntysncanmj/public_html/system/Model.php(275): CodeIgniter\Database\BaseBuilder->get()
#5 /home/1285171.cloudwaysapps.com/ntysncanmj/public_html/system/BaseModel.php(676): CodeIgniter\Model->doFindAll()
#6 /home/1285171.cloudwaysapps.com/ntysncanmj/public_html/app/Models/WebinarEnquiryModel.php(37): CodeIgniter\BaseModel->findAll()
#7 /home/1285171.cloudwaysapps.com/ntysncanmj/public_html/app/Controllers/admin/CoursesNew.php(41): App\Models\WebinarEnquiryModel->getEnquiriesWithCourse()
#8 /home/1285171.cloudwaysapps.com/ntysncanmj/public_html/system/CodeIgniter.php(933): App\Controllers\admin\CoursesNew->enquiries()
#9 /home/1285171.cloudwaysapps.com/ntysncanmj/public_html/system/CodeIgniter.php(509): CodeIgniter\CodeIgniter->runController()
#10 /home/1285171.cloudwaysapps.com/ntysncanmj/public_html/system/CodeIgniter.php(355): CodeIgniter\CodeIgniter->handleRequest()
#11 /home/1285171.cloudwaysapps.com/ntysncanmj/public_html/system/Boot.php(312): CodeIgniter\CodeIgniter->run()
#12 /home/1285171.cloudwaysapps.com/ntysncanmj/public_html/system/Boot.php(67): CodeIgniter\Boot::runCodeIgniter()
#13 /home/1285171.cloudwaysapps.com/ntysncanmj/public_html/index.php(57): CodeIgniter\Boot::bootWeb()
#14 {main}
CRITICAL - 2025-11-07 17:15:04 --> CodeIgniter\Database\Exceptions\DatabaseException: Unknown table 'ntysncanmj.enquiries'
[Method: GET, Route: admin/enquiries]
in SYSTEMPATH/Database/BaseConnection.php on line 676.
 1 SYSTEMPATH/Database/BaseBuilder.php(1629): CodeIgniter\Database\BaseConnection->query()
 2 SYSTEMPATH/Model.php(275): CodeIgniter\Database\BaseBuilder->get()
 3 SYSTEMPATH/BaseModel.php(676): CodeIgniter\Model->doFindAll()
 4 APPPATH/Models/WebinarEnquiryModel.php(37): CodeIgniter\BaseModel->findAll()
 5 APPPATH/Controllers/admin/CoursesNew.php(41): App\Models\WebinarEnquiryModel->getEnquiriesWithCourse()
 6 SYSTEMPATH/CodeIgniter.php(933): App\Controllers\admin\CoursesNew->enquiries()
 7 SYSTEMPATH/CodeIgniter.php(509): CodeIgniter\CodeIgniter->runController()
 8 SYSTEMPATH/CodeIgniter.php(355): CodeIgniter\CodeIgniter->handleRequest()
 9 SYSTEMPATH/Boot.php(312): CodeIgniter\CodeIgniter->run()
10 SYSTEMPATH/Boot.php(67): CodeIgniter\Boot::runCodeIgniter()
11 FCPATH/index.php(57): CodeIgniter\Boot::bootWeb()
CRITICAL - 2025-11-07 17:15:04 --> [Caused by] CodeIgniter\Database\Exceptions\DatabaseException: Unknown table 'ntysncanmj.enquiries'
in SYSTEMPATH/Database/MySQLi/Connection.php on line 313.
 1 SYSTEMPATH/Database/BaseConnection.php(722): CodeIgniter\Database\MySQLi\Connection->execute()
 2 SYSTEMPATH/Database/BaseConnection.php(636): CodeIgniter\Database\BaseConnection->simpleQuery()
 3 SYSTEMPATH/Database/BaseBuilder.php(1629): CodeIgniter\Database\BaseConnection->query()
 4 SYSTEMPATH/Model.php(275): CodeIgniter\Database\BaseBuilder->get()
 5 SYSTEMPATH/BaseModel.php(676): CodeIgniter\Model->doFindAll()
 6 APPPATH/Models/WebinarEnquiryModel.php(37): CodeIgniter\BaseModel->findAll()
 7 APPPATH/Controllers/admin/CoursesNew.php(41): App\Models\WebinarEnquiryModel->getEnquiriesWithCourse()
 8 SYSTEMPATH/CodeIgniter.php(933): App\Controllers\admin\CoursesNew->enquiries()
 9 SYSTEMPATH/CodeIgniter.php(509): CodeIgniter\CodeIgniter->runController()
10 SYSTEMPATH/CodeIgniter.php(355): CodeIgniter\CodeIgniter->handleRequest()
11 SYSTEMPATH/Boot.php(312): CodeIgniter\CodeIgniter->run()
12 SYSTEMPATH/Boot.php(67): CodeIgniter\Boot::runCodeIgniter()
13 FCPATH/index.php(57): CodeIgniter\Boot::bootWeb()
CRITICAL - 2025-11-07 17:15:04 --> [Caused by] mysqli_sql_exception: Unknown table 'ntysncanmj.enquiries'
in SYSTEMPATH/Database/MySQLi/Connection.php on line 308.
 1 SYSTEMPATH/Database/MySQLi/Connection.php(308): mysqli->query()
 2 SYSTEMPATH/Database/BaseConnection.php(722): CodeIgniter\Database\MySQLi\Connection->execute()
 3 SYSTEMPATH/Database/BaseConnection.php(636): CodeIgniter\Database\BaseConnection->simpleQuery()
 4 SYSTEMPATH/Database/BaseBuilder.php(1629): CodeIgniter\Database\BaseConnection->query()
 5 SYSTEMPATH/Model.php(275): CodeIgniter\Database\BaseBuilder->get()
 6 SYSTEMPATH/BaseModel.php(676): CodeIgniter\Model->doFindAll()
 7 APPPATH/Models/WebinarEnquiryModel.php(37): CodeIgniter\BaseModel->findAll()
 8 APPPATH/Controllers/admin/CoursesNew.php(41): App\Models\WebinarEnquiryModel->getEnquiriesWithCourse()
 9 SYSTEMPATH/CodeIgniter.php(933): App\Controllers\admin\CoursesNew->enquiries()
10 SYSTEMPATH/CodeIgniter.php(509): CodeIgniter\CodeIgniter->runController()
11 SYSTEMPATH/CodeIgniter.php(355): CodeIgniter\CodeIgniter->handleRequest()
12 SYSTEMPATH/Boot.php(312): CodeIgniter\CodeIgniter->run()
13 SYSTEMPATH/Boot.php(67): CodeIgniter\Boot::runCodeIgniter()
14 FCPATH/index.php(57): CodeIgniter\Boot::bootWeb()
ERROR - 2025-11-07 17:16:16 --> mysqli_sql_exception: Unknown column 'enquiries.course_id' in 'on clause' in /home/1285171.cloudwaysapps.com/ntysncanmj/public_html/system/Database/MySQLi/Connection.php:308
Stack trace:
#0 /home/1285171.cloudwaysapps.com/ntysncanmj/public_html/system/Database/MySQLi/Connection.php(308): mysqli->query()
#1 /home/1285171.cloudwaysapps.com/ntysncanmj/public_html/system/Database/BaseConnection.php(722): CodeIgniter\Database\MySQLi\Connection->execute()
#2 /home/1285171.cloudwaysapps.com/ntysncanmj/public_html/system/Database/BaseConnection.php(636): CodeIgniter\Database\BaseConnection->simpleQuery()
#3 /home/1285171.cloudwaysapps.com/ntysncanmj/public_html/system/Database/BaseBuilder.php(1629): CodeIgniter\Database\BaseConnection->query()
#4 /home/1285171.cloudwaysapps.com/ntysncanmj/public_html/system/Model.php(275): CodeIgniter\Database\BaseBuilder->get()
#5 /home/1285171.cloudwaysapps.com/ntysncanmj/public_html/system/BaseModel.php(676): CodeIgniter\Model->doFindAll()
#6 /home/1285171.cloudwaysapps.com/ntysncanmj/public_html/app/Models/WebinarEnquiryModel.php(37): CodeIgniter\BaseModel->findAll()
#7 /home/1285171.cloudwaysapps.com/ntysncanmj/public_html/app/Controllers/admin/CoursesNew.php(41): App\Models\WebinarEnquiryModel->getEnquiriesWithCourse()
#8 /home/1285171.cloudwaysapps.com/ntysncanmj/public_html/system/CodeIgniter.php(933): App\Controllers\admin\CoursesNew->enquiries()
#9 /home/1285171.cloudwaysapps.com/ntysncanmj/public_html/system/CodeIgniter.php(509): CodeIgniter\CodeIgniter->runController()
#10 /home/1285171.cloudwaysapps.com/ntysncanmj/public_html/system/CodeIgniter.php(355): CodeIgniter\CodeIgniter->handleRequest()
#11 /home/1285171.cloudwaysapps.com/ntysncanmj/public_html/system/Boot.php(312): CodeIgniter\CodeIgniter->run()
#12 /home/1285171.cloudwaysapps.com/ntysncanmj/public_html/system/Boot.php(67): CodeIgniter\Boot::runCodeIgniter()
#13 /home/1285171.cloudwaysapps.com/ntysncanmj/public_html/index.php(57): CodeIgniter\Boot::bootWeb()
#14 {main}
CRITICAL - 2025-11-07 17:16:16 --> CodeIgniter\Database\Exceptions\DatabaseException: Unknown column 'enquiries.course_id' in 'on clause'
[Method: GET, Route: admin/enquiries]
in SYSTEMPATH/Database/BaseConnection.php on line 676.
 1 SYSTEMPATH/Database/BaseBuilder.php(1629): CodeIgniter\Database\BaseConnection->query()
 2 SYSTEMPATH/Model.php(275): CodeIgniter\Database\BaseBuilder->get()
 3 SYSTEMPATH/BaseModel.php(676): CodeIgniter\Model->doFindAll()
 4 APPPATH/Models/WebinarEnquiryModel.php(37): CodeIgniter\BaseModel->findAll()
 5 APPPATH/Controllers/admin/CoursesNew.php(41): App\Models\WebinarEnquiryModel->getEnquiriesWithCourse()
 6 SYSTEMPATH/CodeIgniter.php(933): App\Controllers\admin\CoursesNew->enquiries()
 7 SYSTEMPATH/CodeIgniter.php(509): CodeIgniter\CodeIgniter->runController()
 8 SYSTEMPATH/CodeIgniter.php(355): CodeIgniter\CodeIgniter->handleRequest()
 9 SYSTEMPATH/Boot.php(312): CodeIgniter\CodeIgniter->run()
10 SYSTEMPATH/Boot.php(67): CodeIgniter\Boot::runCodeIgniter()
11 FCPATH/index.php(57): CodeIgniter\Boot::bootWeb()
CRITICAL - 2025-11-07 17:16:16 --> [Caused by] CodeIgniter\Database\Exceptions\DatabaseException: Unknown column 'enquiries.course_id' in 'on clause'
in SYSTEMPATH/Database/MySQLi/Connection.php on line 313.
 1 SYSTEMPATH/Database/BaseConnection.php(722): CodeIgniter\Database\MySQLi\Connection->execute()
 2 SYSTEMPATH/Database/BaseConnection.php(636): CodeIgniter\Database\BaseConnection->simpleQuery()
 3 SYSTEMPATH/Database/BaseBuilder.php(1629): CodeIgniter\Database\BaseConnection->query()
 4 SYSTEMPATH/Model.php(275): CodeIgniter\Database\BaseBuilder->get()
 5 SYSTEMPATH/BaseModel.php(676): CodeIgniter\Model->doFindAll()
 6 APPPATH/Models/WebinarEnquiryModel.php(37): CodeIgniter\BaseModel->findAll()
 7 APPPATH/Controllers/admin/CoursesNew.php(41): App\Models\WebinarEnquiryModel->getEnquiriesWithCourse()
 8 SYSTEMPATH/CodeIgniter.php(933): App\Controllers\admin\CoursesNew->enquiries()
 9 SYSTEMPATH/CodeIgniter.php(509): CodeIgniter\CodeIgniter->runController()
10 SYSTEMPATH/CodeIgniter.php(355): CodeIgniter\CodeIgniter->handleRequest()
11 SYSTEMPATH/Boot.php(312): CodeIgniter\CodeIgniter->run()
12 SYSTEMPATH/Boot.php(67): CodeIgniter\Boot::runCodeIgniter()
13 FCPATH/index.php(57): CodeIgniter\Boot::bootWeb()
CRITICAL - 2025-11-07 17:16:16 --> [Caused by] mysqli_sql_exception: Unknown column 'enquiries.course_id' in 'on clause'
in SYSTEMPATH/Database/MySQLi/Connection.php on line 308.
 1 SYSTEMPATH/Database/MySQLi/Connection.php(308): mysqli->query()
 2 SYSTEMPATH/Database/BaseConnection.php(722): CodeIgniter\Database\MySQLi\Connection->execute()
 3 SYSTEMPATH/Database/BaseConnection.php(636): CodeIgniter\Database\BaseConnection->simpleQuery()
 4 SYSTEMPATH/Database/BaseBuilder.php(1629): CodeIgniter\Database\BaseConnection->query()
 5 SYSTEMPATH/Model.php(275): CodeIgniter\Database\BaseBuilder->get()
 6 SYSTEMPATH/BaseModel.php(676): CodeIgniter\Model->doFindAll()
 7 APPPATH/Models/WebinarEnquiryModel.php(37): CodeIgniter\BaseModel->findAll()
 8 APPPATH/Controllers/admin/CoursesNew.php(41): App\Models\WebinarEnquiryModel->getEnquiriesWithCourse()
 9 SYSTEMPATH/CodeIgniter.php(933): App\Controllers\admin\CoursesNew->enquiries()
10 SYSTEMPATH/CodeIgniter.php(509): CodeIgniter\CodeIgniter->runController()
11 SYSTEMPATH/CodeIgniter.php(355): CodeIgniter\CodeIgniter->handleRequest()
12 SYSTEMPATH/Boot.php(312): CodeIgniter\CodeIgniter->run()
13 SYSTEMPATH/Boot.php(67): CodeIgniter\Boot::runCodeIgniter()
14 FCPATH/index.php(57): CodeIgniter\Boot::bootWeb()
ERROR - 2025-11-07 17:16:17 --> mysqli_sql_exception: Unknown column 'enquiries.course_id' in 'on clause' in /home/1285171.cloudwaysapps.com/ntysncanmj/public_html/system/Database/MySQLi/Connection.php:308
Stack trace:
#0 /home/1285171.cloudwaysapps.com/ntysncanmj/public_html/system/Database/MySQLi/Connection.php(308): mysqli->query()
#1 /home/1285171.cloudwaysapps.com/ntysncanmj/public_html/system/Database/BaseConnection.php(722): CodeIgniter\Database\MySQLi\Connection->execute()
#2 /home/1285171.cloudwaysapps.com/ntysncanmj/public_html/system/Database/BaseConnection.php(636): CodeIgniter\Database\BaseConnection->simpleQuery()
#3 /home/1285171.cloudwaysapps.com/ntysncanmj/public_html/system/Database/BaseBuilder.php(1629): CodeIgniter\Database\BaseConnection->query()
#4 /home/1285171.cloudwaysapps.com/ntysncanmj/public_html/system/Model.php(275): CodeIgniter\Database\BaseBuilder->get()
#5 /home/1285171.cloudwaysapps.com/ntysncanmj/public_html/system/BaseModel.php(676): CodeIgniter\Model->doFindAll()
#6 /home/1285171.cloudwaysapps.com/ntysncanmj/public_html/app/Models/WebinarEnquiryModel.php(37): CodeIgniter\BaseModel->findAll()
#7 /home/1285171.cloudwaysapps.com/ntysncanmj/public_html/app/Controllers/admin/CoursesNew.php(41): App\Models\WebinarEnquiryModel->getEnquiriesWithCourse()
#8 /home/1285171.cloudwaysapps.com/ntysncanmj/public_html/system/CodeIgniter.php(933): App\Controllers\admin\CoursesNew->enquiries()
#9 /home/1285171.cloudwaysapps.com/ntysncanmj/public_html/system/CodeIgniter.php(509): CodeIgniter\CodeIgniter->runController()
#10 /home/1285171.cloudwaysapps.com/ntysncanmj/public_html/system/CodeIgniter.php(355): CodeIgniter\CodeIgniter->handleRequest()
#11 /home/1285171.cloudwaysapps.com/ntysncanmj/public_html/system/Boot.php(312): CodeIgniter\CodeIgniter->run()
#12 /home/1285171.cloudwaysapps.com/ntysncanmj/public_html/system/Boot.php(67): CodeIgniter\Boot::runCodeIgniter()
#13 /home/1285171.cloudwaysapps.com/ntysncanmj/public_html/index.php(57): CodeIgniter\Boot::bootWeb()
#14 {main}
CRITICAL - 2025-11-07 17:16:17 --> CodeIgniter\Database\Exceptions\DatabaseException: Unknown column 'enquiries.course_id' in 'on clause'
[Method: GET, Route: admin/enquiries]
in SYSTEMPATH/Database/BaseConnection.php on line 676.
 1 SYSTEMPATH/Database/BaseBuilder.php(1629): CodeIgniter\Database\BaseConnection->query()
 2 SYSTEMPATH/Model.php(275): CodeIgniter\Database\BaseBuilder->get()
 3 SYSTEMPATH/BaseModel.php(676): CodeIgniter\Model->doFindAll()
 4 APPPATH/Models/WebinarEnquiryModel.php(37): CodeIgniter\BaseModel->findAll()
 5 APPPATH/Controllers/admin/CoursesNew.php(41): App\Models\WebinarEnquiryModel->getEnquiriesWithCourse()
 6 SYSTEMPATH/CodeIgniter.php(933): App\Controllers\admin\CoursesNew->enquiries()
 7 SYSTEMPATH/CodeIgniter.php(509): CodeIgniter\CodeIgniter->runController()
 8 SYSTEMPATH/CodeIgniter.php(355): CodeIgniter\CodeIgniter->handleRequest()
 9 SYSTEMPATH/Boot.php(312): CodeIgniter\CodeIgniter->run()
10 SYSTEMPATH/Boot.php(67): CodeIgniter\Boot::runCodeIgniter()
11 FCPATH/index.php(57): CodeIgniter\Boot::bootWeb()
CRITICAL - 2025-11-07 17:16:17 --> [Caused by] CodeIgniter\Database\Exceptions\DatabaseException: Unknown column 'enquiries.course_id' in 'on clause'
in SYSTEMPATH/Database/MySQLi/Connection.php on line 313.
 1 SYSTEMPATH/Database/BaseConnection.php(722): CodeIgniter\Database\MySQLi\Connection->execute()
 2 SYSTEMPATH/Database/BaseConnection.php(636): CodeIgniter\Database\BaseConnection->simpleQuery()
 3 SYSTEMPATH/Database/BaseBuilder.php(1629): CodeIgniter\Database\BaseConnection->query()
 4 SYSTEMPATH/Model.php(275): CodeIgniter\Database\BaseBuilder->get()
 5 SYSTEMPATH/BaseModel.php(676): CodeIgniter\Model->doFindAll()
 6 APPPATH/Models/WebinarEnquiryModel.php(37): CodeIgniter\BaseModel->findAll()
 7 APPPATH/Controllers/admin/CoursesNew.php(41): App\Models\WebinarEnquiryModel->getEnquiriesWithCourse()
 8 SYSTEMPATH/CodeIgniter.php(933): App\Controllers\admin\CoursesNew->enquiries()
 9 SYSTEMPATH/CodeIgniter.php(509): CodeIgniter\CodeIgniter->runController()
10 SYSTEMPATH/CodeIgniter.php(355): CodeIgniter\CodeIgniter->handleRequest()
11 SYSTEMPATH/Boot.php(312): CodeIgniter\CodeIgniter->run()
12 SYSTEMPATH/Boot.php(67): CodeIgniter\Boot::runCodeIgniter()
13 FCPATH/index.php(57): CodeIgniter\Boot::bootWeb()
CRITICAL - 2025-11-07 17:16:17 --> [Caused by] mysqli_sql_exception: Unknown column 'enquiries.course_id' in 'on clause'
in SYSTEMPATH/Database/MySQLi/Connection.php on line 308.
 1 SYSTEMPATH/Database/MySQLi/Connection.php(308): mysqli->query()
 2 SYSTEMPATH/Database/BaseConnection.php(722): CodeIgniter\Database\MySQLi\Connection->execute()
 3 SYSTEMPATH/Database/BaseConnection.php(636): CodeIgniter\Database\BaseConnection->simpleQuery()
 4 SYSTEMPATH/Database/BaseBuilder.php(1629): CodeIgniter\Database\BaseConnection->query()
 5 SYSTEMPATH/Model.php(275): CodeIgniter\Database\BaseBuilder->get()
 6 SYSTEMPATH/BaseModel.php(676): CodeIgniter\Model->doFindAll()
 7 APPPATH/Models/WebinarEnquiryModel.php(37): CodeIgniter\BaseModel->findAll()
 8 APPPATH/Controllers/admin/CoursesNew.php(41): App\Models\WebinarEnquiryModel->getEnquiriesWithCourse()
 9 SYSTEMPATH/CodeIgniter.php(933): App\Controllers\admin\CoursesNew->enquiries()
10 SYSTEMPATH/CodeIgniter.php(509): CodeIgniter\CodeIgniter->runController()
11 SYSTEMPATH/CodeIgniter.php(355): CodeIgniter\CodeIgniter->handleRequest()
12 SYSTEMPATH/Boot.php(312): CodeIgniter\CodeIgniter->run()
13 SYSTEMPATH/Boot.php(67): CodeIgniter\Boot::runCodeIgniter()
14 FCPATH/index.php(57): CodeIgniter\Boot::bootWeb()
CRITICAL - 2025-11-07 17:19:52 --> ErrorException: Attempt to read property "id" on null
[Method: GET, Route: admin/testimonial/edit/101]
in APPPATH/Views/admin/testimonial/edit.php on line 24.
 1 APPPATH/Views/admin/testimonial/edit.php(24): CodeIgniter\Debug\Exceptions->errorHandler()
 2 SYSTEMPATH/View/View.php(234): include('/home/1285171.cloudwaysapps.com/ntysncanmj/public_html/app/Views/admin/testimonial/edit.php')
 3 SYSTEMPATH/View/View.php(237): CodeIgniter\View\View->CodeIgniter\View\{closure}()
 4 SYSTEMPATH/Common.php(1171): CodeIgniter\View\View->render()
 5 APPPATH/Views/admin/layout/layout.php(22): view()
 6 SYSTEMPATH/View/View.php(234): include('/home/1285171.cloudwaysapps.com/ntysncanmj/public_html/app/Views/admin/layout/layout.php')
 7 SYSTEMPATH/View/View.php(237): CodeIgniter\View\View->CodeIgniter\View\{closure}()
 8 SYSTEMPATH/Common.php(1171): CodeIgniter\View\View->render()
 9 APPPATH/Libraries/Layout.php(10): view()
10 APPPATH/Controllers/admin/Testimonial.php(122): App\Libraries\Layout::view()
11 SYSTEMPATH/CodeIgniter.php(933): App\Controllers\admin\Testimonial->edit()
12 SYSTEMPATH/CodeIgniter.php(509): CodeIgniter\CodeIgniter->runController()
13 SYSTEMPATH/CodeIgniter.php(355): CodeIgniter\CodeIgniter->handleRequest()
14 SYSTEMPATH/Boot.php(312): CodeIgniter\CodeIgniter->run()
15 SYSTEMPATH/Boot.php(67): CodeIgniter\Boot::runCodeIgniter()
16 FCPATH/index.php(57): CodeIgniter\Boot::bootWeb()
